2023-03-05 11:09:35 | [INFO]    | Discordia 2.11.2
2023-03-05 11:09:35 | [INFO]    | Connecting to Discord...
2023-03-05 11:09:35 | [INFO]    | Authenticated as Diplodocus#5424
2023-03-05 11:09:35 | [INFO]    | Launching shard 0 (1 out of 1)...
2023-03-05 11:09:35 | [INFO]    | Shard 0 : Connected to wss://gateway.discord.gg
2023-03-05 11:09:35 | [INFO]    | Shard 0 : Received HELLO
2023-03-05 11:09:36 | [INFO]    | Shard 0 : Received READY
2023-03-05 11:12:18 | [INFO]    | Discordia 2.11.2
2023-03-05 11:12:18 | [INFO]    | Connecting to Discord...
2023-03-05 11:12:19 | [DEBUG]   | 200 - OK : GET https://discord.com/api/v8/users/@me
2023-03-05 11:12:19 | [INFO]    | Authenticated as Diplodocus#5424
2023-03-05 11:12:19 | [INFO]    | Launching shard 0 (1 out of 1)...
2023-03-05 11:12:19 | [INFO]    | Shard 0 : Connected to wss://gateway.discord.gg
2023-03-05 11:12:19 | [DEBUG]   | Shard 0 : WebSocket OP 10
2023-03-05 11:12:19 | [INFO]    | Shard 0 : Received HELLO
2023-03-05 11:12:19 | [DEBUG]   | Shard 0 : WebSocket OP 0 : READY : 1
2023-03-05 11:12:19 | [INFO]    | Shard 0 : Received READY
2023-03-05 11:12:19 | [DEBUG]   | Shard 0 : WebSocket OP 0 : GUILD_CREATE : 2
2023-03-05 11:12:33 | [DEBUG]   | Shard 0 : WebSocket OP 0 : MESSAGE_CREATE : 3
2023-03-05 11:12:33 | [DEBUG]   | 200 - OK : GET https://discord.com/api/v8/channels/251341936005349376
2023-03-05 11:12:33 | [DEBUG]   | Shard 0 : WebSocket OP 0 : MESSAGE_CREATE : 4
2023-03-05 11:12:33 | [DEBUG]   | 200 - OK : POST https://discord.com/api/v8/channels/251341936005349376/messages
2023-03-05 11:12:40 | [DEBUG]   | Shard 0 : WebSocket OP 0 : TYPING_START : 5
2023-03-05 11:12:40 | [DEBUG]   | Shard 0 : WebSocket OP 0 : MESSAGE_CREATE : 6
2023-03-05 11:14:52 | [INFO]    | Discordia 2.11.2
2023-03-05 11:14:52 | [INFO]    | Connecting to Discord...
2023-03-05 11:14:52 | [DEBUG]   | 200 - OK : GET https://discord.com/api/v8/users/@me
2023-03-05 11:14:52 | [INFO]    | Authenticated as Diplodocus#5424
2023-03-05 11:14:52 | [INFO]    | Launching shard 0 (1 out of 1)...
2023-03-05 11:14:52 | [INFO]    | Shard 0 : Connected to wss://gateway.discord.gg
2023-03-05 11:14:52 | [DEBUG]   | Shard 0 : WebSocket OP 10
2023-03-05 11:14:52 | [INFO]    | Shard 0 : Received HELLO
2023-03-05 11:14:52 | [DEBUG]   | Shard 0 : WebSocket OP 0 : READY : 1
2023-03-05 11:14:52 | [INFO]    | Shard 0 : Received READY
2023-03-05 11:14:52 | [DEBUG]   | Shard 0 : WebSocket OP 0 : GUILD_CREATE : 2
2023-03-05 11:15:01 | [DEBUG]   | Shard 0 : WebSocket OP 0 : MESSAGE_CREATE : 3
2023-03-05 11:15:02 | [DEBUG]   | 200 - OK : GET https://discord.com/api/v8/channels/251341936005349376
2023-03-05 11:17:21 | [INFO]    | Discordia 2.11.2
2023-03-05 11:17:21 | [INFO]    | Connecting to Discord...
2023-03-05 11:17:21 | [DEBUG]   | 200 - OK : GET https://discord.com/api/v8/users/@me
2023-03-05 11:17:21 | [INFO]    | Authenticated as Diplodocus#5424
2023-03-05 11:17:21 | [INFO]    | Launching shard 0 (1 out of 1)...
2023-03-05 11:17:22 | [INFO]    | Shard 0 : Connected to wss://gateway.discord.gg
2023-03-05 11:17:22 | [DEBUG]   | Shard 0 : WebSocket OP 10
2023-03-05 11:17:22 | [INFO]    | Shard 0 : Received HELLO
2023-03-05 11:17:22 | [DEBUG]   | Shard 0 : WebSocket OP 0 : READY : 1
2023-03-05 11:17:22 | [INFO]    | Shard 0 : Received READY
2023-03-05 11:17:22 | [DEBUG]   | Shard 0 : WebSocket OP 0 : GUILD_CREATE : 2
2023-03-05 11:17:27 | [DEBUG]   | Shard 0 : WebSocket OP 0 : TYPING_START : 3
2023-03-05 11:17:28 | [DEBUG]   | Shard 0 : WebSocket OP 0 : MESSAGE_CREATE : 4
2023-03-05 11:17:48 | [INFO]    | Discordia 2.11.2
2023-03-05 11:17:48 | [INFO]    | Connecting to Discord...
2023-03-05 11:17:49 | [DEBUG]   | 200 - OK : GET https://discord.com/api/v8/users/@me
2023-03-05 11:17:49 | [INFO]    | Authenticated as Diplodocus#5424
2023-03-05 11:17:49 | [INFO]    | Launching shard 0 (1 out of 1)...
2023-03-05 11:17:49 | [INFO]    | Shard 0 : Connected to wss://gateway.discord.gg
2023-03-05 11:17:49 | [DEBUG]   | Shard 0 : WebSocket OP 10
2023-03-05 11:17:49 | [INFO]    | Shard 0 : Received HELLO
2023-03-05 11:17:49 | [DEBUG]   | Shard 0 : WebSocket OP 0 : READY : 1
2023-03-05 11:17:49 | [INFO]    | Shard 0 : Received READY
2023-03-05 11:17:49 | [DEBUG]   | Shard 0 : WebSocket OP 0 : GUILD_CREATE : 2
2023-03-05 11:17:55 | [DEBUG]   | Shard 0 : WebSocket OP 0 : MESSAGE_CREATE : 3
2023-03-05 11:18:13 | [INFO]    | Discordia 2.11.2
2023-03-05 11:18:13 | [INFO]    | Connecting to Discord...
2023-03-05 11:18:13 | [DEBUG]   | 200 - OK : GET https://discord.com/api/v8/users/@me
2023-03-05 11:18:13 | [INFO]    | Authenticated as Diplodocus#5424
2023-03-05 11:18:13 | [INFO]    | Launching shard 0 (1 out of 1)...
2023-03-05 11:18:13 | [INFO]    | Shard 0 : Connected to wss://gateway.discord.gg
2023-03-05 11:18:13 | [DEBUG]   | Shard 0 : WebSocket OP 10
2023-03-05 11:18:13 | [INFO]    | Shard 0 : Received HELLO
2023-03-05 11:18:13 | [DEBUG]   | Shard 0 : WebSocket OP 0 : READY : 1
2023-03-05 11:18:13 | [INFO]    | Shard 0 : Received READY
2023-03-05 11:18:13 | [DEBUG]   | Shard 0 : WebSocket OP 0 : GUILD_CREATE : 2
2023-03-05 11:18:20 | [DEBUG]   | Shard 0 : WebSocket OP 0 : MESSAGE_CREATE : 3
2023-03-05 11:18:33 | [INFO]    | Discordia 2.11.2
2023-03-05 11:18:33 | [INFO]    | Connecting to Discord...
2023-03-05 11:18:33 | [DEBUG]   | 200 - OK : GET https://discord.com/api/v8/users/@me
2023-03-05 11:18:33 | [INFO]    | Authenticated as Diplodocus#5424
2023-03-05 11:18:33 | [INFO]    | Launching shard 0 (1 out of 1)...
2023-03-05 11:18:33 | [INFO]    | Shard 0 : Connected to wss://gateway.discord.gg
2023-03-05 11:18:33 | [DEBUG]   | Shard 0 : WebSocket OP 10
2023-03-05 11:18:33 | [INFO]    | Shard 0 : Received HELLO
2023-03-05 11:18:33 | [DEBUG]   | Shard 0 : WebSocket OP 0 : READY : 1
2023-03-05 11:18:33 | [INFO]    | Shard 0 : Received READY
2023-03-05 11:18:33 | [DEBUG]   | Shard 0 : WebSocket OP 0 : GUILD_CREATE : 2
2023-03-05 11:18:39 | [DEBUG]   | Shard 0 : WebSocket OP 0 : MESSAGE_CREATE : 3
2023-03-05 11:18:42 | [DEBUG]   | Shard 0 : WebSocket OP 0 : MESSAGE_CREATE : 4
2023-03-05 11:19:14 | [DEBUG]   | Shard 0 : WebSocket OP 11
2023-03-05 11:19:56 | [DEBUG]   | Shard 0 : WebSocket OP 11
2023-03-05 11:20:37 | [DEBUG]   | Shard 0 : WebSocket OP 11
2023-03-05 11:20:46 | [DEBUG]   | Shard 0 : WebSocket OP 0 : GUILD_ROLE_UPDATE : 5
2023-03-05 11:20:56 | [INFO]    | Discordia 2.11.2
2023-03-05 11:20:56 | [INFO]    | Connecting to Discord...
2023-03-05 11:20:56 | [DEBUG]   | 200 - OK : GET https://discord.com/api/v8/users/@me
2023-03-05 11:20:56 | [INFO]    | Authenticated as Diplodocus#5424
2023-03-05 11:20:56 | [INFO]    | Launching shard 0 (1 out of 1)...
2023-03-05 11:20:57 | [INFO]    | Shard 0 : Connected to wss://gateway.discord.gg
2023-03-05 11:20:57 | [DEBUG]   | Shard 0 : WebSocket OP 10
2023-03-05 11:20:57 | [INFO]    | Shard 0 : Received HELLO
2023-03-05 11:20:57 | [DEBUG]   | Shard 0 : WebSocket OP 0 : READY : 1
2023-03-05 11:20:57 | [INFO]    | Shard 0 : Received READY
2023-03-05 11:20:57 | [DEBUG]   | Shard 0 : WebSocket OP 0 : GUILD_CREATE : 2
2023-03-05 11:21:00 | [DEBUG]   | Shard 0 : WebSocket OP 0 : MESSAGE_CREATE : 3
2023-03-05 11:21:07 | [DEBUG]   | Shard 0 : WebSocket OP 0 : MESSAGE_CREATE : 4
2023-03-05 11:21:08 | [DEBUG]   | 200 - OK : GET https://discord.com/api/v8/channels/251341936005349376
2023-03-05 11:21:08 | [DEBUG]   | Shard 0 : WebSocket OP 0 : MESSAGE_CREATE : 5
2023-03-05 11:21:08 | [DEBUG]   | 200 - OK : POST https://discord.com/api/v8/channels/251341936005349376/messages
2023-03-05 11:21:38 | [DEBUG]   | Shard 0 : WebSocket OP 11
2023-03-05 11:22:19 | [DEBUG]   | Shard 0 : WebSocket OP 11
2023-03-05 11:22:46 | [DEBUG]   | Shard 0 : WebSocket OP 0 : USER_UPDATE : 6
2023-03-05 11:22:50 | [DEBUG]   | Shard 0 : WebSocket OP 0 : MESSAGE_CREATE : 7
2023-03-05 11:22:51 | [DEBUG]   | Shard 0 : WebSocket OP 0 : MESSAGE_CREATE : 8
2023-03-05 11:22:51 | [DEBUG]   | 200 - OK : POST https://discord.com/api/v8/channels/251341936005349376/messages
2023-03-05 11:22:56 | [DEBUG]   | Shard 0 : WebSocket OP 0 : MESSAGE_CREATE : 9
2023-03-05 11:22:56 | [DEBUG]   | Shard 0 : WebSocket OP 0 : MESSAGE_CREATE : 10
2023-03-05 11:22:56 | [DEBUG]   | 200 - OK : POST https://discord.com/api/v8/channels/891655534585982979/messages
2023-03-05 11:23:00 | [DEBUG]   | Shard 0 : WebSocket OP 11
2023-03-05 11:23:20 | [DEBUG]   | Shard 0 : WebSocket OP 0 : MESSAGE_CREATE : 11
2023-03-05 11:33:05 | [INFO]    | Discordia 2.11.2
2023-03-05 11:33:05 | [INFO]    | Connecting to Discord...
2023-03-05 11:33:06 | [DEBUG]   | 200 - OK : GET https://discord.com/api/v8/users/@me
2023-03-05 11:33:06 | [INFO]    | Authenticated as Diplodocus#5424
2023-03-05 11:33:06 | [DEBUG]   | 200 - OK : GET https://discord.com/api/v8/gateway/bot
2023-03-05 11:33:06 | [DEBUG]   | 200 - OK : GET https://discord.com/api/v8/oauth2/applications/@me
2023-03-05 11:33:06 | [INFO]    | Launching shard 0 (1 out of 1)...
2023-03-05 11:33:06 | [INFO]    | Shard 0 : Connected to wss://gateway.discord.gg
2023-03-05 11:33:06 | [DEBUG]   | Shard 0 : WebSocket OP 10
2023-03-05 11:33:06 | [INFO]    | Shard 0 : Received HELLO
2023-03-05 11:33:07 | [DEBUG]   | Shard 0 : WebSocket OP 0 : READY : 1
2023-03-05 11:33:07 | [INFO]    | Shard 0 : Received READY
2023-03-05 11:33:07 | [DEBUG]   | Shard 0 : WebSocket OP 0 : GUILD_MEMBER_UPDATE : 2
2023-03-05 11:33:07 | [DEBUG]   | Shard 0 : WebSocket OP 0 : GUILD_CREATE : 3
2023-03-05 11:33:17 | [DEBUG]   | Shard 0 : WebSocket OP 0 : MESSAGE_CREATE : 4
2023-03-05 11:34:01 | [INFO]    | Discordia 2.11.2
2023-03-05 11:34:01 | [INFO]    | Connecting to Discord...
2023-03-05 11:34:01 | [DEBUG]   | 200 - OK : GET https://discord.com/api/v8/users/@me
2023-03-05 11:34:01 | [INFO]    | Authenticated as Diplodocus#5424
2023-03-05 11:34:01 | [INFO]    | Launching shard 0 (1 out of 1)...
2023-03-05 11:34:01 | [INFO]    | Shard 0 : Connected to wss://gateway.discord.gg
2023-03-05 11:34:01 | [DEBUG]   | Shard 0 : WebSocket OP 10
2023-03-05 11:34:01 | [INFO]    | Shard 0 : Received HELLO
2023-03-05 11:34:01 | [DEBUG]   | Shard 0 : WebSocket OP 0 : READY : 1
2023-03-05 11:34:01 | [INFO]    | Shard 0 : Received READY
2023-03-05 11:34:01 | [DEBUG]   | Shard 0 : WebSocket OP 0 : GUILD_CREATE : 2
2023-03-05 11:34:04 | [DEBUG]   | Shard 0 : WebSocket OP 0 : MESSAGE_CREATE : 3
2023-03-05 11:34:42 | [DEBUG]   | Shard 0 : WebSocket OP 11
2023-03-05 11:35:24 | [DEBUG]   | Shard 0 : WebSocket OP 11
2023-03-05 11:36:05 | [DEBUG]   | Shard 0 : WebSocket OP 11
2023-03-05 11:36:46 | [DEBUG]   | Shard 0 : WebSocket OP 11
2023-03-05 11:37:28 | [DEBUG]   | Shard 0 : WebSocket OP 11
2023-03-05 11:38:09 | [DEBUG]   | Shard 0 : WebSocket OP 11
2023-03-05 11:38:50 | [DEBUG]   | Shard 0 : WebSocket OP 11
2023-03-05 11:39:31 | [DEBUG]   | Shard 0 : WebSocket OP 11
2023-03-05 11:40:13 | [DEBUG]   | Shard 0 : WebSocket OP 11
2023-03-05 11:40:54 | [DEBUG]   | Shard 0 : WebSocket OP 11
2023-03-05 11:41:35 | [DEBUG]   | Shard 0 : WebSocket OP 11
2023-03-05 11:42:17 | [DEBUG]   | Shard 0 : WebSocket OP 11
2023-03-05 11:42:25 | [DEBUG]   | Shard 0 : WebSocket OP 0 : TYPING_START : 4
2023-03-05 11:42:27 | [DEBUG]   | Shard 0 : WebSocket OP 0 : MESSAGE_CREATE : 5
2023-03-05 11:42:40 | [DEBUG]   | Shard 0 : WebSocket OP 0 : MESSAGE_CREATE : 6
2023-03-05 11:42:44 | [DEBUG]   | Shard 0 : WebSocket OP 0 : TYPING_START : 7
2023-03-05 11:42:48 | [DEBUG]   | Shard 0 : WebSocket OP 0 : MESSAGE_CREATE : 8
2023-03-05 11:42:48 | [DEBUG]   | Shard 0 : WebSocket OP 0 : MESSAGE_CREATE : 9
2023-03-05 11:42:49 | [DEBUG]   | 200 - OK : POST https://discord.com/api/v8/channels/891655534585982979/messages
2023-03-05 11:42:58 | [DEBUG]   | Shard 0 : WebSocket OP 11
2023-03-05 11:43:18 | [DEBUG]   | Shard 0 : WebSocket OP 0 : TYPING_START : 10
2023-03-05 11:43:19 | [DEBUG]   | Shard 0 : WebSocket OP 0 : MESSAGE_CREATE : 11
2023-03-05 11:43:19 | [DEBUG]   | Shard 0 : WebSocket OP 0 : MESSAGE_CREATE : 12
2023-03-05 11:43:19 | [DEBUG]   | 200 - OK : POST https://discord.com/api/v8/channels/988715789324550164/messages
2023-03-05 11:43:39 | [DEBUG]   | Shard 0 : WebSocket OP 11
2023-03-05 11:44:20 | [DEBUG]   | Shard 0 : WebSocket OP 11
2023-03-05 11:45:02 | [DEBUG]   | Shard 0 : WebSocket OP 11
2023-03-05 11:45:43 | [DEBUG]   | Shard 0 : WebSocket OP 11
2023-03-05 11:46:24 | [DEBUG]   | Shard 0 : WebSocket OP 11
2023-03-05 11:47:06 | [DEBUG]   | Shard 0 : WebSocket OP 11
2023-03-05 11:47:47 | [DEBUG]   | Shard 0 : WebSocket OP 11
2023-03-05 11:48:28 | [DEBUG]   | Shard 0 : WebSocket OP 11
2023-03-05 11:49:10 | [DEBUG]   | Shard 0 : WebSocket OP 11
2023-03-05 11:49:51 | [DEBUG]   | Shard 0 : WebSocket OP 11
2023-03-05 11:50:32 | [DEBUG]   | Shard 0 : WebSocket OP 11
2023-03-05 11:51:13 | [DEBUG]   | Shard 0 : WebSocket OP 11
2023-03-05 11:51:55 | [DEBUG]   | Shard 0 : WebSocket OP 11
2023-03-05 11:52:36 | [DEBUG]   | Shard 0 : WebSocket OP 11
2023-03-05 11:53:17 | [DEBUG]   | Shard 0 : WebSocket OP 11
2023-03-05 11:53:59 | [DEBUG]   | Shard 0 : WebSocket OP 11
2023-03-05 11:54:40 | [DEBUG]   | Shard 0 : WebSocket OP 11
2023-03-05 11:55:21 | [DEBUG]   | Shard 0 : WebSocket OP 11
2023-03-05 11:56:03 | [DEBUG]   | Shard 0 : WebSocket OP 11
2023-03-05 11:56:44 | [DEBUG]   | Shard 0 : WebSocket OP 11
2023-03-05 11:57:25 | [DEBUG]   | Shard 0 : WebSocket OP 11
2023-03-05 11:58:06 | [DEBUG]   | Shard 0 : WebSocket OP 11
2023-03-05 11:58:48 | [DEBUG]   | Shard 0 : WebSocket OP 11
2023-03-05 11:59:29 | [DEBUG]   | Shard 0 : WebSocket OP 11
2023-03-05 12:00:10 | [DEBUG]   | Shard 0 : WebSocket OP 11
2023-03-05 12:00:51 | [DEBUG]   | Shard 0 : WebSocket OP 11
2023-03-05 12:01:33 | [DEBUG]   | Shard 0 : WebSocket OP 11
2023-03-05 12:02:14 | [DEBUG]   | Shard 0 : WebSocket OP 11
2023-03-05 12:02:55 | [DEBUG]   | Shard 0 : WebSocket OP 11
2023-03-05 12:03:37 | [DEBUG]   | Shard 0 : WebSocket OP 11
2023-03-05 12:04:18 | [DEBUG]   | Shard 0 : WebSocket OP 11
2023-03-05 12:04:59 | [DEBUG]   | Shard 0 : WebSocket OP 11
2023-03-05 12:05:40 | [DEBUG]   | Shard 0 : WebSocket OP 11
2023-03-05 12:06:22 | [DEBUG]   | Shard 0 : WebSocket OP 11
2023-03-05 12:07:03 | [DEBUG]   | Shard 0 : WebSocket OP 11
2023-03-05 12:07:44 | [DEBUG]   | Shard 0 : WebSocket OP 11
2023-03-05 12:08:26 | [DEBUG]   | Shard 0 : WebSocket OP 11
2023-03-05 12:09:07 | [DEBUG]   | Shard 0 : WebSocket OP 11
2023-03-05 12:09:48 | [DEBUG]   | Shard 0 : WebSocket OP 11
2023-03-05 12:10:29 | [DEBUG]   | Shard 0 : WebSocket OP 11
2023-03-05 12:11:11 | [DEBUG]   | Shard 0 : WebSocket OP 11
2023-03-05 12:11:52 | [DEBUG]   | Shard 0 : WebSocket OP 11
2023-03-05 12:12:33 | [DEBUG]   | Shard 0 : WebSocket OP 11
2023-03-05 12:13:15 | [DEBUG]   | Shard 0 : WebSocket OP 11
2023-03-05 12:13:56 | [DEBUG]   | Shard 0 : WebSocket OP 11
2023-03-05 12:14:37 | [DEBUG]   | Shard 0 : WebSocket OP 11
2023-03-05 12:14:51 | [DEBUG]   | Shard 0 : WebSocket OP 0 : MESSAGE_CREATE : 13
2023-03-05 12:14:51 | [DEBUG]   | 200 - OK : POST https://discord.com/api/v8/channels/988716641841995816/messages
2023-03-05 12:15:19 | [DEBUG]   | Shard 0 : WebSocket OP 11
2023-03-05 12:16:00 | [DEBUG]   | Shard 0 : WebSocket OP 11
2023-03-05 12:16:41 | [DEBUG]   | Shard 0 : WebSocket OP 11
2023-03-05 12:17:22 | [DEBUG]   | Shard 0 : WebSocket OP 11
2023-03-05 12:18:04 | [DEBUG]   | Shard 0 : WebSocket OP 11
2023-03-05 12:18:45 | [DEBUG]   | Shard 0 : WebSocket OP 11
2023-03-05 12:19:26 | [DEBUG]   | Shard 0 : WebSocket OP 11
2023-03-05 12:20:08 | [DEBUG]   | Shard 0 : WebSocket OP 11
2023-03-05 12:20:49 | [DEBUG]   | Shard 0 : WebSocket OP 11
2023-03-05 12:21:30 | [DEBUG]   | Shard 0 : WebSocket OP 11
2023-03-05 12:22:11 | [DEBUG]   | Shard 0 : WebSocket OP 11
2023-03-05 12:22:53 | [DEBUG]   | Shard 0 : WebSocket OP 11
2023-03-05 12:23:34 | [DEBUG]   | Shard 0 : WebSocket OP 11
2023-03-05 12:24:15 | [DEBUG]   | Shard 0 : WebSocket OP 11
2023-03-05 12:24:57 | [DEBUG]   | Shard 0 : WebSocket OP 11
2023-03-05 12:25:38 | [DEBUG]   | Shard 0 : WebSocket OP 11
2023-03-05 12:26:19 | [DEBUG]   | Shard 0 : WebSocket OP 11
2023-03-05 12:26:46 | [DEBUG]   | Shard 0 : WebSocket OP 7
2023-03-05 12:26:46 | [INFO]    | Shard 0 : Discord has requested a reconnection
2023-03-05 12:26:46 | [INFO]    | Shard 0 : Disconnected
2023-03-05 12:26:46 | [INFO]    | Shard 0 : Reconnecting...
2023-03-05 12:26:46 | [INFO]    | Shard 0 : Connected to wss://gateway.discord.gg
2023-03-05 12:26:46 | [DEBUG]   | Shard 0 : WebSocket OP 10
2023-03-05 12:26:46 | [INFO]    | Shard 0 : Received HELLO
2023-03-05 12:26:46 | [DEBUG]   | Shard 0 : WebSocket OP 0 : RESUMED : 14
2023-03-05 12:26:46 | [INFO]    | Shard 0 : Received RESUMED
2023-03-05 12:27:27 | [DEBUG]   | Shard 0 : WebSocket OP 11
2023-03-05 12:28:08 | [DEBUG]   | Shard 0 : WebSocket OP 11
2023-03-05 12:28:50 | [DEBUG]   | Shard 0 : WebSocket OP 11
2023-03-05 12:29:31 | [DEBUG]   | Shard 0 : WebSocket OP 11
2023-03-05 12:30:12 | [DEBUG]   | Shard 0 : WebSocket OP 11
2023-03-05 12:30:54 | [DEBUG]   | Shard 0 : WebSocket OP 11
2023-03-05 12:31:35 | [DEBUG]   | Shard 0 : WebSocket OP 11
2023-03-05 12:32:16 | [DEBUG]   | Shard 0 : WebSocket OP 11
2023-03-05 12:32:57 | [DEBUG]   | Shard 0 : WebSocket OP 11
2023-03-05 12:33:39 | [DEBUG]   | Shard 0 : WebSocket OP 11
2023-03-05 12:34:20 | [DEBUG]   | Shard 0 : WebSocket OP 11
2023-03-05 12:35:01 | [DEBUG]   | Shard 0 : WebSocket OP 11
2023-03-05 12:35:43 | [DEBUG]   | Shard 0 : WebSocket OP 11
2023-03-05 12:36:24 | [DEBUG]   | Shard 0 : WebSocket OP 11
2023-03-05 12:37:05 | [DEBUG]   | Shard 0 : WebSocket OP 11
2023-03-05 12:37:47 | [DEBUG]   | Shard 0 : WebSocket OP 11
2023-03-05 12:38:28 | [DEBUG]   | Shard 0 : WebSocket OP 11
2023-03-05 12:39:09 | [DEBUG]   | Shard 0 : WebSocket OP 11
2023-03-05 12:39:50 | [DEBUG]   | Shard 0 : WebSocket OP 11
2023-03-05 12:40:32 | [DEBUG]   | Shard 0 : WebSocket OP 11
2023-03-05 12:41:13 | [DEBUG]   | Shard 0 : WebSocket OP 11
2023-03-05 12:41:54 | [DEBUG]   | Shard 0 : WebSocket OP 11
2023-03-05 12:42:36 | [DEBUG]   | Shard 0 : WebSocket OP 11
2023-03-05 12:43:17 | [DEBUG]   | Shard 0 : WebSocket OP 11
2023-03-05 12:43:58 | [DEBUG]   | Shard 0 : WebSocket OP 11
2023-03-05 12:44:39 | [DEBUG]   | Shard 0 : WebSocket OP 11
2023-03-05 12:45:21 | [DEBUG]   | Shard 0 : WebSocket OP 11
2023-03-05 12:46:02 | [DEBUG]   | Shard 0 : WebSocket OP 11
2023-03-05 12:46:43 | [DEBUG]   | Shard 0 : WebSocket OP 11
2023-03-05 12:47:25 | [DEBUG]   | Shard 0 : WebSocket OP 11
2023-03-05 12:48:06 | [DEBUG]   | Shard 0 : WebSocket OP 11
2023-03-05 12:48:47 | [DEBUG]   | Shard 0 : WebSocket OP 11
2023-03-05 12:49:28 | [DEBUG]   | Shard 0 : WebSocket OP 11
2023-03-05 12:50:10 | [DEBUG]   | Shard 0 : WebSocket OP 11
2023-03-05 12:50:51 | [DEBUG]   | Shard 0 : WebSocket OP 11
2023-03-05 12:51:32 | [DEBUG]   | Shard 0 : WebSocket OP 11
2023-03-05 12:52:14 | [DEBUG]   | Shard 0 : WebSocket OP 11
2023-03-05 12:52:55 | [DEBUG]   | Shard 0 : WebSocket OP 11
2023-03-05 12:53:36 | [DEBUG]   | Shard 0 : WebSocket OP 11
2023-03-05 12:54:18 | [DEBUG]   | Shard 0 : WebSocket OP 11
2023-03-05 12:54:59 | [DEBUG]   | Shard 0 : WebSocket OP 11
2023-03-05 12:55:40 | [DEBUG]   | Shard 0 : WebSocket OP 11
2023-03-05 12:56:21 | [DEBUG]   | Shard 0 : WebSocket OP 11
2023-03-05 12:57:03 | [DEBUG]   | Shard 0 : WebSocket OP 11
2023-03-05 12:57:44 | [DEBUG]   | Shard 0 : WebSocket OP 11
2023-03-05 12:58:25 | [DEBUG]   | Shard 0 : WebSocket OP 11
2023-03-05 12:59:07 | [DEBUG]   | Shard 0 : WebSocket OP 11
2023-03-05 12:59:48 | [DEBUG]   | Shard 0 : WebSocket OP 11
2023-03-05 13:00:29 | [DEBUG]   | Shard 0 : WebSocket OP 11
2023-03-05 13:01:10 | [DEBUG]   | Shard 0 : WebSocket OP 11
2023-03-05 13:01:52 | [DEBUG]   | Shard 0 : WebSocket OP 11
2023-03-05 13:02:33 | [DEBUG]   | Shard 0 : WebSocket OP 11
2023-03-05 13:03:14 | [DEBUG]   | Shard 0 : WebSocket OP 11
2023-03-05 13:03:56 | [DEBUG]   | Shard 0 : WebSocket OP 11
2023-03-05 13:04:37 | [DEBUG]   | Shard 0 : WebSocket OP 11
2023-03-05 13:05:18 | [DEBUG]   | Shard 0 : WebSocket OP 11
2023-03-05 13:05:59 | [DEBUG]   | Shard 0 : WebSocket OP 11
2023-03-05 13:06:41 | [DEBUG]   | Shard 0 : WebSocket OP 11
2023-03-05 13:07:22 | [DEBUG]   | Shard 0 : WebSocket OP 11
2023-03-05 13:08:03 | [DEBUG]   | Shard 0 : WebSocket OP 11
2023-03-05 13:08:45 | [DEBUG]   | Shard 0 : WebSocket OP 11
2023-03-05 13:09:26 | [DEBUG]   | Shard 0 : WebSocket OP 11
2023-03-05 13:10:07 | [DEBUG]   | Shard 0 : WebSocket OP 11
2023-03-05 13:10:48 | [DEBUG]   | Shard 0 : WebSocket OP 11
2023-03-05 13:11:30 | [DEBUG]   | Shard 0 : WebSocket OP 11
2023-03-05 13:12:11 | [DEBUG]   | Shard 0 : WebSocket OP 11
2023-03-05 13:12:52 | [DEBUG]   | Shard 0 : WebSocket OP 11
2023-03-05 13:13:34 | [DEBUG]   | Shard 0 : WebSocket OP 11
2023-03-05 13:14:15 | [DEBUG]   | Shard 0 : WebSocket OP 11
2023-03-05 13:14:56 | [DEBUG]   | Shard 0 : WebSocket OP 11
2023-03-05 13:15:38 | [DEBUG]   | Shard 0 : WebSocket OP 11
2023-03-05 13:16:19 | [DEBUG]   | Shard 0 : WebSocket OP 11
2023-03-05 13:17:00 | [DEBUG]   | Shard 0 : WebSocket OP 11
2023-03-05 13:17:41 | [DEBUG]   | Shard 0 : WebSocket OP 11
2023-03-05 13:18:23 | [DEBUG]   | Shard 0 : WebSocket OP 11
2023-03-05 13:19:04 | [DEBUG]   | Shard 0 : WebSocket OP 11
2023-03-05 13:19:45 | [DEBUG]   | Shard 0 : WebSocket OP 11
2023-03-05 13:20:27 | [DEBUG]   | Shard 0 : WebSocket OP 11
2023-03-05 13:21:08 | [DEBUG]   | Shard 0 : WebSocket OP 11
2023-03-05 13:21:49 | [DEBUG]   | Shard 0 : WebSocket OP 11
2023-03-05 13:22:30 | [DEBUG]   | Shard 0 : WebSocket OP 11
2023-03-05 13:23:12 | [DEBUG]   | Shard 0 : WebSocket OP 11
2023-03-05 13:23:53 | [DEBUG]   | Shard 0 : WebSocket OP 11
2023-03-05 13:24:34 | [DEBUG]   | Shard 0 : WebSocket OP 11
2023-03-05 13:25:16 | [DEBUG]   | Shard 0 : WebSocket OP 11
2023-03-05 13:25:57 | [DEBUG]   | Shard 0 : WebSocket OP 11
2023-03-05 13:26:38 | [DEBUG]   | Shard 0 : WebSocket OP 11
2023-03-05 13:27:19 | [DEBUG]   | Shard 0 : WebSocket OP 11
2023-03-05 13:28:01 | [DEBUG]   | Shard 0 : WebSocket OP 11
2023-03-05 13:28:42 | [DEBUG]   | Shard 0 : WebSocket OP 11
2023-03-05 13:29:23 | [DEBUG]   | Shard 0 : WebSocket OP 11
2023-03-05 13:29:32 | [DEBUG]   | Shard 0 : WebSocket OP 7
2023-03-05 13:29:32 | [INFO]    | Shard 0 : Discord has requested a reconnection
2023-03-05 13:29:32 | [INFO]    | Shard 0 : Disconnected
2023-03-05 13:29:32 | [INFO]    | Shard 0 : Reconnecting...
2023-03-05 13:29:32 | [INFO]    | Shard 0 : Connected to wss://gateway.discord.gg
2023-03-05 13:29:32 | [DEBUG]   | Shard 0 : WebSocket OP 10
2023-03-05 13:29:32 | [INFO]    | Shard 0 : Received HELLO
2023-03-05 13:29:32 | [DEBUG]   | Shard 0 : WebSocket OP 0 : RESUMED : 15
2023-03-05 13:29:32 | [INFO]    | Shard 0 : Received RESUMED
2023-03-05 13:30:13 | [DEBUG]   | Shard 0 : WebSocket OP 11
2023-03-05 13:30:55 | [DEBUG]   | Shard 0 : WebSocket OP 11
2023-03-05 13:31:36 | [DEBUG]   | Shard 0 : WebSocket OP 11
2023-03-05 13:32:17 | [DEBUG]   | Shard 0 : WebSocket OP 11
2023-03-05 13:32:58 | [DEBUG]   | Shard 0 : WebSocket OP 11
2023-03-05 13:33:40 | [DEBUG]   | Shard 0 : WebSocket OP 11
2023-03-05 13:34:21 | [DEBUG]   | Shard 0 : WebSocket OP 11
2023-03-05 13:35:02 | [DEBUG]   | Shard 0 : WebSocket OP 11
2023-03-05 13:35:44 | [DEBUG]   | Shard 0 : WebSocket OP 11
2023-03-05 13:36:25 | [DEBUG]   | Shard 0 : WebSocket OP 11
2023-03-05 13:37:06 | [DEBUG]   | Shard 0 : WebSocket OP 11
2023-03-05 13:37:47 | [DEBUG]   | Shard 0 : WebSocket OP 11
2023-03-05 13:38:29 | [DEBUG]   | Shard 0 : WebSocket OP 11
2023-03-05 13:39:10 | [DEBUG]   | Shard 0 : WebSocket OP 11
2023-03-05 13:39:51 | [DEBUG]   | Shard 0 : WebSocket OP 11
2023-03-05 13:40:33 | [DEBUG]   | Shard 0 : WebSocket OP 11
2023-03-05 13:41:14 | [DEBUG]   | Shard 0 : WebSocket OP 11
2023-03-05 13:41:55 | [DEBUG]   | Shard 0 : WebSocket OP 11
2023-03-05 13:42:37 | [DEBUG]   | Shard 0 : WebSocket OP 11
2023-03-05 13:43:18 | [DEBUG]   | Shard 0 : WebSocket OP 11
2023-03-05 13:43:59 | [DEBUG]   | Shard 0 : WebSocket OP 11
2023-03-05 13:44:40 | [DEBUG]   | Shard 0 : WebSocket OP 11
2023-03-05 13:45:22 | [DEBUG]   | Shard 0 : WebSocket OP 11
2023-03-05 13:46:03 | [DEBUG]   | Shard 0 : WebSocket OP 11
2023-03-05 13:46:44 | [DEBUG]   | Shard 0 : WebSocket OP 11
2023-03-05 13:47:26 | [DEBUG]   | Shard 0 : WebSocket OP 11
2023-03-05 13:48:07 | [DEBUG]   | Shard 0 : WebSocket OP 11
2023-03-05 13:48:48 | [DEBUG]   | Shard 0 : WebSocket OP 11
2023-03-05 13:49:29 | [DEBUG]   | Shard 0 : WebSocket OP 11
2023-03-05 13:50:11 | [DEBUG]   | Shard 0 : WebSocket OP 11
2023-03-05 13:50:52 | [DEBUG]   | Shard 0 : WebSocket OP 11
2023-03-05 13:51:33 | [DEBUG]   | Shard 0 : WebSocket OP 11
2023-03-05 13:52:15 | [DEBUG]   | Shard 0 : WebSocket OP 11
2023-03-05 13:52:56 | [DEBUG]   | Shard 0 : WebSocket OP 11
2023-03-05 13:53:37 | [DEBUG]   | Shard 0 : WebSocket OP 11
2023-03-05 13:54:18 | [DEBUG]   | Shard 0 : WebSocket OP 11
2023-03-05 13:55:00 | [DEBUG]   | Shard 0 : WebSocket OP 11
2023-03-05 13:55:41 | [DEBUG]   | Shard 0 : WebSocket OP 11
2023-03-05 13:56:22 | [DEBUG]   | Shard 0 : WebSocket OP 11
2023-03-05 13:57:04 | [DEBUG]   | Shard 0 : WebSocket OP 11
2023-03-05 13:57:45 | [DEBUG]   | Shard 0 : WebSocket OP 11
