2023-03-05 10:22:41 | [INFO]    | Discordia 2.11.2
2023-03-05 10:22:41 | [INFO]    | Connecting to Discord...
2023-03-05 10:22:41 | [INFO]    | Authenticated as Diplodocus#5424
2023-03-05 10:22:42 | [INFO]    | Launching shard 0 (1 out of 1)...
2023-03-05 10:22:42 | [INFO]    | Shard 0 : Connected to wss://gateway.discord.gg
2023-03-05 10:22:42 | [INFO]    | Shard 0 : Received HELLO
2023-03-05 10:22:42 | [INFO]    | Shard 0 : Received READY
2023-03-05 10:52:39 | [INFO]    | Discordia 2.11.2
2023-03-05 10:52:39 | [INFO]    | Connecting to Discord...
2023-03-05 10:52:39 | [INFO]    | Authenticated as Diplodocus#5424
2023-03-05 10:52:39 | [INFO]    | Launching shard 0 (1 out of 1)...
2023-03-05 10:52:39 | [INFO]    | Shard 0 : Connected to wss://gateway.discord.gg
2023-03-05 10:52:39 | [INFO]    | Shard 0 : Received HELLO
2023-03-05 10:52:39 | [INFO]    | Shard 0 : Received READY
2023-03-05 10:59:01 | [INFO]    | Discordia 2.11.2
2023-03-05 10:59:01 | [INFO]    | Connecting to Discord...
2023-03-05 10:59:01 | [INFO]    | Authenticated as Diplodocus#5424
2023-03-05 10:59:01 | [INFO]    | Launching shard 0 (1 out of 1)...
2023-03-05 10:59:01 | [INFO]    | Shard 0 : Connected to wss://gateway.discord.gg
2023-03-05 10:59:01 | [INFO]    | Shard 0 : Received HELLO
2023-03-05 10:59:02 | [INFO]    | Shard 0 : Received READY
2023-03-05 11:03:38 | [INFO]    | Discordia 2.11.2
2023-03-05 11:03:38 | [INFO]    | Connecting to Discord...
2023-03-05 11:03:38 | [INFO]    | Authenticated as Diplodocus#5424
2023-03-05 11:03:38 | [INFO]    | Launching shard 0 (1 out of 1)...
2023-03-05 11:03:38 | [INFO]    | Shard 0 : Connected to wss://gateway.discord.gg
2023-03-05 11:03:38 | [INFO]    | Shard 0 : Received HELLO
2023-03-05 11:03:39 | [INFO]    | Shard 0 : Received READY
2023-03-05 11:06:03 | [INFO]    | Discordia 2.11.2
2023-03-05 11:06:03 | [INFO]    | Connecting to Discord...
2023-03-05 11:06:03 | [INFO]    | Authenticated as Diplodocus#5424
2023-03-05 11:06:03 | [INFO]    | Launching shard 0 (1 out of 1)...
2023-03-05 11:06:04 | [INFO]    | Shard 0 : Connected to wss://gateway.discord.gg
2023-03-05 11:06:04 | [INFO]    | Shard 0 : Received HELLO
2023-03-05 11:06:04 | [INFO]    | Shard 0 : Received READY
2023-03-05 11:07:03 | [INFO]    | Discordia 2.11.2
2023-03-05 11:07:03 | [INFO]    | Connecting to Discord...
2023-03-05 11:07:04 | [INFO]    | Authenticated as Diplodocus#5424
2023-03-05 11:07:04 | [INFO]    | Launching shard 0 (1 out of 1)...
2023-03-05 11:07:04 | [INFO]    | Shard 0 : Connected to wss://gateway.discord.gg
2023-03-05 11:07:04 | [INFO]    | Shard 0 : Received HELLO
2023-03-05 11:07:04 | [INFO]    | Shard 0 : Received READY
